1737829027640691300,remove
1737829031075521100,remove
1737829032776351700,remove
1737829097392048300,add
1737829097583536200,add
1737829097646368600,add
1737829098574269000,add
1737829100367726600,add
1737829100425571400,remove
1737829100438537500,remove
1737829100547775300,remove
1737829100729290600,remove
1737829101243506300,remove
1737829102265176700,add
1737829102352212500,add
1737829102407275800,add
1737829102456122200,remove
1737829103645666700,add
1737829103700033400,add
1737829103832699900,add
1737829105208345700,replace
1737829113877308000,add
1737829113895293800,remove
1737829113899249000,add
1737829113905233300,add
1737829113983231700,add
1737829114013150300,remove
1737829115192372000,add
1737829115340973600,add
1737829115423265900,add
1737829115761866800,add
1737829115891624500,add
1737829116297646900,replace
1737829116645200200,add
1737829117282088100,add
1737829117302464800,remove
1737829117307451400,add
1737829117312438300,add
1737829117381255100,add
1737829117409701800,remove
1737829119862750300,add
1737829119883694100,remove
1737829119888681800,add
1737829119894665300,add
1737829121004188200,add
1737829121221606700,add
1737829121761512600,add
1737829121942028900,add
1737829122036776700,add
1737829122162439600,add
1737829138460283400,add
1737829140255228000,add
1737829140884078800,add
1737829141015900300,add
1737829141913932900,add
1737829141987735200,add
1737829142060052100,add
1737829142833998200,add
1737829146478366100,remove
1737829146484349900,add
1737829146576121100,add
1737829146748659800,add
1737829147063817000,add
1737829147155571100,add
1737829147528573500,replace
1737829149359384600,add
1737829156489593700,add
1737829156554423500,add
1737829156574369400,add
1737829156581349800,add
1737829158232174900,add
1737829158498508900,add
1737829158635143200,add
1737829158939837100,add
1737829159061977000,add
1737829159176668800,add
1737829159392056100,add
1737829159630419100,add
1737829159739637200,add
1737829159804464400,add
1737829159863307200,add
1737829160079239300,add
1737829160477174900,remove
1737829160659687500,remove
1737829160819260500,remove
1737829161026236700,remove
1737829161963305200,add
1737829162131388700,add
1737829162363766400,add
1737829163018549900,remove
1737829163184731200,remove
1737829163336123300,remove
1737829163676285300,add
1737829163810436000,add
1737829164011917900,add
1737829194846576000,add
1737829196401648000,add
1737829196631541400,add
1737829196979611500,add
1737829197072362400,add
1737829197296272600,add
1737829199998331800,add
1737829250247551300,add
1737829250649003000,remove
1737829250890760000,remove
1737829251251260200,add
1737829254621780200,add
1737829254765395300,add
1737829254906019300,add
1737829255046643000,add
1737829255192253900,add
1737829255404686500,add
1737829255483475400,add
1737829255627682400,add
1737829255856314400,add
1737829255961377300,add
1737829256102373000,add
1737829256164399000,add
1737829256573409000,replace
1737829256950298900,add
1737829259367351400,add
1737829259416219900,add
1737829259796225700,add
1737829259988223700,add
1737829260091967300,add
1737829260241079600,add
1737829260775688900,add
1737829261207591400,add
1737829275449020200,add
1737829275542842100,add
1737829278264752600,add
1737829278406372800,add
1737829278563463900,add
1737829278748967600,add
1737829279413557800,replace
1737829339567234800,add
1737829339576212100,add
1737829339706376000,add
1737829339721333300,add
1737829344479243000,add
1737829345894322000,remove
1737829346851864800,add
1737829347941352000,remove
1737829384069115200,add
1737829384200254600,add
1737829385037995700,add
1737829385125761600,add
1737829385223500100,add
1737829385440404600,add
1737829385537345500,add
1737829385703947300,add
1737829409205964600,remove
1737829409211944500,remove
1737829409217438000,remove
1737829409222424300,remove
1737829409227410400,remove
1737829409232397400,remove
1737829409237384300,remove
1737829409242370700,remove
1737829410967070200,add
1737829410972068600,add
1737829410977045000,add
1737829410983029100,add
1737829410988016100,add
1737829410993002200,add
1737829410997988600,add
1737829411003973400,add
1737829458015332000,add
1737829458271310900,add
1737829458318574300,add
1737829458399358600,add
1737829458608320200,add
1737829458681453600,add
1737829460334074100,replace
1737829460385935500,add
1737829464879418400,add
1737829465039499300,add
1737829465207561300,add
1737829473343358000,replace
1737829475652124700,add
1737829481524977000,add
1737829488739363000,add
1737829497657160000,add
1737829497767744200,add
1737829497945270100,add
1737829498538494600,add
1737829498719131800,add
1737829499269757900,remove
1737829499446367100,remove
1737829499597700900,remove
1737829499769382800,remove
1737829499986862100,remove
1737829500264346800,add
1737829500681466200,add
1737829500934971100,add
1737829502042415200,add
1737829502391252600,add
1737829502643207900,add
1737829503005054400,add
1737829503176492500,add
1737829503280987300,add
1737829523633590300,add
1737829523975264300,add
1737829524247402600,add
1737829524664877800,add
1737829525735899700,add
1737829525779295900,remove
1737829525785279900,add
1737829525790266700,add
1737829525797247400,add
1737829525802233800,remove
1737829526057085000,add
1737829526063069600,add
1737829526070051900,add
1737829526078030300,add
1737829526083016600,add
1737829526088003200,add
1737829526116926200,remove
1737829526121912400,remove
1737829526126899900,remove
1737829526131885700,remove
1737829526136872300,remove
1737829526141858700,remove
1737829526146845700,add
1737829526152340400,add
1737829526157326300,remove
1737829533083911000,add
1737829546364373700,add
1737829546380331900,remove
1737829546386314600,add
1737829546391301300,add
1737829546396287600,add
1737829546401274600,remove
1737829546657241400,add
1737829546664223700,add
1737829546670206800,add
1737829546680179500,add
1737829546686163000,add
1737829546691150400,add
1737829551964483000,add
1737829551988417800,remove
1737829551993405800,add
1737829551998391700,add
1737829552003378500,add
1737829552007367600,remove
1737829553857276400,add
1737829553872236100,remove
1737829553877222500,add
1737829553882212800,add
1737829554680759400,add
1737829555066435100,add
1737829555347582500,add
1737829555470392700,add
1737829555590767500,add
1737829556249103000,add
1737829556257933400,remove
1737829558134761600,add
1737829558143738000,add
1737829571588245100,add
1737829572279254500,add
1737829572287239600,add
1737829576016240900,add
1737829576588951200,add
1737829576597927500,add
1737829577443726700,add
1737829596093113600,remove
1737829596627327400,remove
1737829596645279100,add
1737829596650276800,remove
1737829596681850100,add
1737829597022129000,remove
1737829597036093000,add
1737829597041079100,remove
1737829599837585500,add
1737829599846561500,add
1737829599997639900,add
1737829600007613800,add
1737829600609436500,add
1737829600619450300,add
1737829600625393900,add
1737829600630380100,add
1737829600636364800,add
1737829600642347700,add
1737829600647335400,add
1737829600653318800,add
1737829600658305800,add
1737829600663321400,add
1737829600680389600,remove
1737829600685373800,remove
1737829600690360800,remove
1737829600695347100,remove
1737829600700334200,remove
1737829600706319000,remove
1737829600711304100,remove
1737829600716291200,remove
1737829600721277800,remove
1737829600727261900,remove
1737829600736238000,add
1737829605425583700,add
1737829605432557600,add
1737829609148270300,add
1737829609158244600,add
1737829612972194200,add
1737829613348502000,add
1737829615091311800,remove
1737829616006270400,add
1737829616081211300,add
1737829616665230900,add
1737829616673209300,remove
1737829616748135100,remove
1737829616840288900,add
1737829616859328000,add
1737829618498030300,remove
1737829618505011600,remove
1737829618510996500,add
1737829618516980300,add
1737829618523960900,remove
1737829619842974300,add
1737829619899241700,add
1737829619970736400,add
1737829620127007700,add
1737829620247685000,add
1737829620558184200,add
1737829620769544300,add
1737829621293063000,remove
1737829621863145700,add
1737829622088332300,add
1737829622192913300,add
1737829622376585400,add
1737829623122739400,add
1737829623200185200,add
1737829623309230900,add
1737829623459323600,add
1737829626207229500,add
1737829626216205000,add
1737829626364807100,add
1737829626380764500,add
1737829627986663800,add
1737829653636196700,remove
1737829654075436900,remove
1737829654089399400,add
1737829654094417700,remove
1737829664666470600,remove
1737829701375543400,add
1737829701386514500,remove
1737829701392499400,add
1737829701398482000,add
1737829701459321000,add
1737829701481141600,remove
1737829710083256800,add
1737829710485715500,add
1737829710576242800,add
1737829710694345000,add
1737829710889561700,add
1737829711211629900,replace
1737829711257507900,add
1737829713509266500,add
1737829713536486000,remove
1737829713548223400,add
1737829713558757700,add
1737829717483923700,add
1737829726945737000,remove
1737829726952718000,add
1737829727099326000,add
1737829727331216600,add
1737829729854534100,replace
1737830892080772600,remove
1737830893177774000,remove
1737830915231366800,add
1737830915312236000,add
1737830915764024400,add
1737830915962265000,add
1737830916056462300,add
1737830916232208800,add
1737830916790893700,add
1737830927474223400,add
1737830927484197200,add
1737830927623370700,add
1737830927636335500,add
1737830932370912000,add
1737830933345243000,add
1737830933436287300,add
1737830934198507000,replace
1737830934224437300,remove
1737830934236405900,remove
1737830934242389300,add
1737830934250368600,add
1737830940995240200,remove
1737830941002223000,add
1737830941112882200,add
1737830941755981900,add
1737830941922210700,add
1737830942226097100,add
1737830946665621700,remove
1737830946833181500,remove
1737830946967334400,remove
1737830947130633700,remove
1737830947280247900,remove
1737830947512690100,remove
1737830947758095200,remove
1737830986111512700,add
1737830986121486000,add
1737830990423644100,add
1737830990446780800,remove
1737830990452765500,add
1737830990457751600,add
1737830990482684900,add
1737830990493655700,remove
1737830991420013500,add
1737830991538687900,add
1737830991658013000,add
1737830992887145200,replace
1737830996175454900,add
1737830996184432300,add
1737830996203646200,remove
1737830996209629400,remove
1737830996216611000,add
1737830996222595100,add
1737830999195198700,add
1737830999214237800,remove
1737830999220221900,add
1737830999225208100,add
1737830999295577300,add
1737830999309660700,remove
1737831000326063400,add
1737831000553325400,add
1737831000695609300,add
1737831000820452000,add
1737831001125985100,replace
1737831001170378200,add
1737831003738190400,add
1737831003762273000,remove
1737831003767260200,add
1737831003773244300,add
1737831007106186700,add
1737831007414023800,add
1737831008994233700,add
1737831009182813900,add
1737831009588302000,remove
1737831010227161700,add
1737831010398737000,add
1737831010524738900,add
1737831010742787000,add
1737831010801140800,add
1737831010902873000,add
1737831011053095500,add
1737831011187734800,add
1737831013234505600,add
1737831013499797100,add
1737831013605513700,add
1737831013746137200,add
1737831013824437400,add
1737831013995490300,add
1737831014195775100,add
1737831014265195400,add
1737831014400084100,add
1737831035094156800,add
1737831035186418700,add
1737831035453736300,add
1737831035576408100,add
1737831035681751400,add
1737831036553490800,replace
1737831037357167600,add
1737831041377201400,add
1737831041466389300,add
1737831041702140800,add
1737831041840138000,add
1737831041975171000,add
1737831042545134900,add
1737831043588136200,add
1737831058835089100,add
1737831058963576200,add
1737831059074280400,add
1737831059996410900,replace
1737831060321154600,replace
1737831060342100000,add
1737831060954904400,remove
1737831068103128400,remove
1737831071684289100,add
1737831071698577600,remove
1737831071703632000,add
1737831071708619000,add
1737831071772989400,add
1737831071853771500,remove
1737831073307950900,add
1737831073313933600,remove
1737831073319489700,remove
1737831073325473800,remove
1737831073331458400,add
1737831073336444900,remove
1737831074201472000,add
1737831074222133300,remove
1737831074227151800,add
1737831074233136700,add
1737831074268544600,add
1737831074284210500,remove
1737831076615899800,add
1737831076721968500,add
1737831076822007300,add
1737831077429820100,replace
1737831079634916500,add
1737831080551566600,add
1737831080720531200,add
1737831080872926100,add
1737831080941743300,add
1737831081096117200,add
1737831081297265600,add
1737831081389137900,add
1737831082211064300,add
1737831091809075000,add
1737831091954766400,add
1737831092043041800,add
1737831092126075400,add
1737831092307038200,add
1737831092744217100,add
1737831101243879900,add
1737831101404097600,add
1737831102603024400,add
1737831103967731600,add
1737831104423012800,add
1737831104472559800,add
1737831106185589800,add
1737831106532982300,add
1737831106543147500,add
1737831107004831400,remove
1737831108524153100,add
1737831108532132100,add
1737831111169068900,add
1737831111186434100,remove
1737831111192679600,add
1737831111197666700,add
1737831111256510300,add
1737831111265486000,remove
1737831111874610000,add
1737831111982145700,add
1737831112083408500,add
1737831112495837800,replace
1737831113076458200,add
1737831113771202100,add
1737831113900972000,add
1737831114044310900,add
1737831114116119100,add
1737831114238986000,add
1737831114404432400,add
1737831114494123800,add
1737831114580956500,add
1737831114829584800,add
1737831115002842700,add
1737831115129586300,add
1737831115217351700,add
1737831115371620200,add
1737831115493128100,add
1737831116603322900,add
1737831116773211800,add
1737831116957780100,add
1737831117075463700,add
1737831117477697100,add
1737831118912564500,add
1737831120476252500,remove
1737831120601400100,add
1737831147971071700,add
1737831147980035700,add
1737831148103858900,add
1737831148115827000,add
1737831148958956200,add
1737831149117044500,add
1737831149391309300,add
1737831149466813900,add
1737831149962266400,replace
1737831150123428100,replace
1737831150145370000,remove
1737831150166313900,add
1737831155452126800,remove
1737831155458110900,add
1737831155575796200,add
1737831155746340900,add
1737831156004953200,add
1737831156107039600,add
1737831156625228000,replace
1737831156683073200,add
1737831159284979900,add
1737831159386707200,add
1737831160024755000,add
1737831165522253700,add
1737831165531229900,add
1737831166306374600,add
1737831166435030400,add
1737831166518318600,add
1737831171974024800,add
1737831173003928000,add
1737831173469016500,add
1737831173566068800,add
1737831173680968300,add
1737831174515337400,add
1737831174683706500,add
1737831175255712700,add
1737831175357965600,add
1737831175481516500,add
1737831175698782800,add
1737831175812927700,add
1737831175972708400,add
1737831176595772800,add
1737831176701847600,add
1737831177247477500,add
1737831177333973600,add
1737831177448203000,add
1737831177585437400,add
1737831177725351500,add
1737831177808130100,add
1737831177932173300,add
1737831178063989400,add
1737831178179064600,add
1737831178769838000,add
1737831179117124900,add
1737831179303345800,add
1737831179419163800,add
1737831179674316100,add
1737831179764825100,add
1737831179938761000,add
1737831180207024200,add
1737831180221985000,add
1737831180352296800,add
1737831180438059700,add
1737831180729063400,remove
1737831180900988400,remove
1737831181058678100,remove
1737831181220248100,remove
1737831182392438100,add
1737831182504089000,add
1737831182589046600,add
1737831195000965400,add
1737831195121126800,add
1737831195347678500,add
1737831195451685900,add
1737831195599995700,add
1737831195697487200,add
1737831195773787800,add
1737831197218331900,add
1737831198833802800,remove
1737831209388101600,add
1737831209398067500,add
1737831209558608500,add
1737831209569579900,add
1737831259082414300,add
1737831259351054500,add
1737831259517609400,add
1737831259607369200,add
1737831259724354800,add
1737831259833329900,add
1737831260040394400,add
1737831260995703000,add
1737831261147652300,add
1737831261188549000,add
1737831261278401600,add
1737831261419253800,add
1737831267833152900,add
1737831268015949800,add
1737831268233011400,add
1737831268402800900,add
1737831268618125100,add
1737831268691928300,add
1737831268841967300,add
1737831268935319700,add
1737831269516010900,add
1737831269544933300,add
1737831269625717500,add
1737831269655636500,remove
1737831270392139000,add
1737831270408110300,remove
1737831270414079700,add
1737831270420064500,add
1737831270426048900,add
1737831270431744900,remove
1737831270681861800,add
1737831270688842600,add
1737831270694826900,add
1737831270704800300,add
1737831270711791800,add
1737831270718762400,add
1737831270731727000,remove
1737831270737711500,remove
1737831270742698000,remove
1737831270749679100,remove
1737831270755663700,remove
1737831270761647500,remove
1737831270784649100,add
1737831270790633100,add
1737831270798612900,remove
1737831276120068100,add
1737831276286318600,add
1737831276479837800,add
1737831277069673800,replace
1737831278453274300,add
1737831284416977500,add
1737831284427947300,add
1737831284575576700,add
1737831284587544000,add
1737831285385618400,add
1737831285575458800,add
1737831285685623400,add
1737831285818269600,add
1737831285985872900,add
1737831286152243600,add
1737831286231904400,add
1737831286378889700,add
1737831287675835100,add
1737831289318987800,remove
1737831289515946600,remove
1737831289686809200,remove
1737831289939125200,remove
1737831290503791500,add
1737831292562208900,add
1737831304863952400,add
1737831304872928900,add
1737831304997493800,add
1737831305021937900,add
1737831307483870400,add
1737831307814149300,add
1737831307901835400,add
1737831308510873700,add
1737831313167194600,add
1737831313504812500,add
1737831313592088200,add
1737831313768615200,add
1737831313802525400,add
1737831314505262400,remove
1737831316419639000,add
1737831318116621700,add
1737833067455369300,add
1737833073309585800,remove
1737833073317559500,add
1737833073377398600,add
1737833073654292000,add
1737833073815777100,add
1737833073913943000,add
1737833074713161800,replace
1737833078568654600,remove
1737833078575635500,add
1737833078642105100,add
1737833078931837000,add
1737833079122472200,add
1737833079240614200,add
1737833079357609800,add
1737833080557185400,add
1737833080842622800,add
1737833080975688100,add
1737833081360173400,add
1737833283216612200,add
1737833302174683700,add
1737833302183660000,add
1737833310623460700,remove
1737833310630441900,add
1737833311394276900,remove
1737833325021462800,add
1737833325267660400,add
1737833326348625500,add
1737833326498870500,add
1737833326639522000,add
1737833327220262700,add
1737833327474391900,add
1737833327850053000,add
1737833328445064800,add
1737833328633492000,add
1737833328785216000,add
1737833328910397200,add
1737833329046033200,add
1737833329163900600,add
1737833334327424100,remove
1737833334337425200,add
1737833334747237300,add
1737833335095552300,add
1737833335298289900,add
1737833335392044200,add
1737833335506148700,add
1737833335580824700,add
1737833335698634900,add
1737833335718581300,add
1737833336655085300,remove
1737833336887814800,remove
1737833341816018200,add
1737833367075278000,remove
1737833367231657700,remove
1737833367416297100,remove
1737833367572361200,remove
1737833367730586900,remove
1737833367886824500,remove
1737833368043844700,remove
1737833368202937700,remove
1737833368358124900,remove
1737833368531557700,remove
1737833368842002100,remove
1737833369502429500,add
1737833369634078100,add
1737833369772219500,add
1737833369835974300,add
1737833370029097600,add
1737833370193741200,add
1737833372944035900,add
1737833373059469800,add
1737833373181777100,add
1737833373287890100,add
1737833374030139000,add
1737833374373387900,add
1737833376317346800,add
1737833413366960000,remove
1737833413374939900,add
1737833413516522300,add
1737833413622240000,add
1737833413734449100,add
1737833414262322100,add
1737833414655506300,add
1737834886465575500,add
1737834886476547400,add
1737834886497203200,remove
1737834886504184200,remove
1737834886511165900,add
1737834886517754700,add
1737834886617488100,add
1737834886626463500,add
1737834886645413600,remove
1737834886654389600,remove
1737834886670346600,add
1737834886677327400,add
1737834887786542100,add
1737834887932661300,add
1737834888014442600,add
1737834888159601600,add
1737834888304977600,add
1737834888502998500,add
1737834888568841500,add
1737834888726935700,add
1737834889703617400,add
1737834889814592300,add
1737834889907853200,add
1737834890226144500,add
1737834890303336100,add
1737834890411464200,add
1737834891114994000,add
1737834891241817500,add
1737834891848903700,remove
1737834892003985200,remove
1737834892864647200,add
1737834892902546600,add
1737834893063664200,add
1737834894907108900,replace
1737834895000827600,add
1737834895559956000,add
1737834897241545900,add
1737834897699992200,add
1737834897797367600,add
1737834898633374000,add
1737834899760898300,add
1737834899787827000,remove
1737834899794808100,add
1737834899801788400,remove
1737834932068682000,add
1737834935956276900,remove
1737834945319803500,add
1737834945329776900,add
1737834945487355300,add
1737834945500320600,add
1737834947326399700,add
1737834947494461000,add
1737834947681919200,add
1737834947759751100,add
1737834948557769900,replace
1737834948684845600,replace
1737834948711773100,remove
1737834951020533100,remove
1737834951028512000,add
1737834951338689200,add
1737834951467984500,add
1737834951682619700,add
1737834954259054600,add
1737834970759931200,add
1737834970768907500,add
1737834970913569300,add
1737834970924540500,add
1737834971625996800,add
1737834971825297400,add
1737834972026786200,add
1737834972053733900,add
1737834972671959500,remove
1737834973607558100,remove
1737834973796519100,remove
1737834974263973800,remove
1737834974663724500,add
1737834976016963600,add
1737834977127744600,add
1737834977620752400,add
1737834977788131200,add
1737834979936170100,add
1737834980105123000,add
1737834983919782500,remove
1737834984113954600,remove
1737834984280869500,remove
1737834984451202200,remove
1737834984745173100,add
1737834984965801500,add
1737834985851601300,add
1737834996961028200,add
1737834997330436200,add
1737834997440110300,add
1737834997556799500,add
1737834998338973500,replace
1737834998384851200,add
1737835000211117700,add
1737835000223085200,remove
1737835000230067000,add
1737835000236051900,add
1737835000760261700,add
1737835001042965200,add
1737835001239840100,add
1737835001400837100,add
1737835001509108800,add
1737835012670014700,add
1737835012932122800,add
1737835013018890500,add
1737835013116183800,add
1737835013769160200,add
1737835014459325400,add
1737835014842582600,add
1737835015033222900,add
1737835015260207400,add
1737835155976515600,add
1737835155987486800,add
1737835156128110500,add
1737835156148057500,add
1737835157875081700,add
1737835158699672600,remove
1737835160521981500,add
1737835160671581000,add
1737835160797245300,add
1737835160906284200,add
1737835161027840400,add
1737835161221124000,add
1737835161277896500,add
1737835161403818600,add
1737835161641467100,add
1737835161722517300,add
1737835161816311800,add
1737835161961353800,add
1737835162114885700,add
1737835162467172500,add
1737835162633717000,add
1737835162855971200,add
1737835163008407000,add
1737835163274630600,add
1737835164001893000,add
1737835164179984300,add
1737835164454273800,add
1737835164628977500,add
1737835164752368400,add
1737835164865065700,add
1737835165399390000,add
1737835165439736400,add
1737835165474631400,add
1737835165517033200,remove
1737835167142252000,add
1737835167157210500,remove
1737835167164192800,add
1737835167170175900,add
1737835167177557400,add
1737835167185535600,remove
1737835167788408200,add
1737835167802371100,add
1737835167814338700,remove
1737835167824312500,remove
1737835167832296100,add
1737835167840269800,add
1737835167848248200,remove
1737835174377460000,add
1737835176269217300,add
1737835176285159700,remove
1737835176292141300,add
1737835176300119500,remove
1737835178484433700,add
1737835178504543200,remove
1737835178511539300,add
1737835178518506100,add
1737835178582571200,add
1737835178593541700,remove
1737835256990617800,remove
1737835257149847200,remove
1737835266043474700,add
1737835266210028900,add
1737835266411997600,add
1737835266647967900,add
1737835266759123100,add
1737835267217108500,add
1737835267335961800,add
1737835268157326900,replace
1737835268726808300,add
1737835268907580000,add
1737835268970545400,add
1737835269927596900,remove
1737835270094517700,remove
1737835271632883900,add
1737835274031864800,add
1737835352962412200,add
1737835352973389900,add
1737835353361142800,add
1737835353373110800,add
1737835355733598800,add
1737835355902784400,add
1737835356913103600,replace
1737835357031786900,remove
1737835357045749600,replace
1737835364196935100,replace
1737835366014738000,remove
1737835366292021000,add
1737835492055661000,remove
1737835492063638200,add
1737835492204882400,add
1737835492550469600,add
1737835492625651900,add
1737835492729102100,add
1737835492946519600,add
1737835493003369100,add
1737835493589321000,add
1737835493895049300,add
1737835494028909400,add
1737835494177877500,add
1737835494322454600,add
1737835494484971700,add
1737835495686347400,add
1737835495980340900,add
1737835496096098200,add
1737835496521621600,add
1737835496652752300,add
1737835496848134100,add
1737835497014065100,add
1737835497118645200,add
1737835497515669400,add
1737835497546584000,add
1737835497626946600,add
1737835497640908700,remove
1737835498466292000,add
1737835498483246500,remove
1737835498498803300,add
1737835498506784400,add
1737835498513762800,add
1737835498520744700,remove
1737835498776627100,add
1737835498784605300,add
1737835498793582400,add
1737835498805549300,add
1737835498812531000,add
1737835498818514800,add
1737835506115469600,remove
1737835506717310800,remove
1737835506734265000,add
1737835506743241400,remove
1737835506750222200,add
1737835507540756400,remove
1737835507552724500,add
1737835507560714900,remove
1737835509718816900,add
1737835509728790800,add
1737835509892898000,add
1737835509905861500,add
1737835510254442300,add
1737835511705735100,remove
1737835512568433600,add
1737835512576413400,add
1737835512585388800,add
1737835512592370900,add
1737835512610426500,remove
1737835512617407900,remove
1737835512624393000,remove
1737835512633365200,remove
1737835512640354900,add
1737835517559159100,add
1737835518130269100,add
1737835519082002200,add
1737835519091975800,remove
1737835519099954100,add
1737835519108930100,add
1737835520516176900,remove
1737835520531136500,remove
1737835520540112700,add
1737835520548092400,remove
1737835521219129200,add
1737835521571427000,add
1737835521595362600,remove
1737835521603341500,add
1737835521610323200,add
1737835521663182500,add
1737835521674153400,remove
1737835522725228900,add
1737835522819976100,add
1737835524410319800,replace
1737835524445822400,add
1737835527986164400,add
1737835529984674100,add
1737835529994648000,add
1737835530017699800,remove
1737835530025559300,remove
1737835530032529600,add
1737835530040507000,add
1737835530702759500,add
1737835530847719400,add
1737835531113448500,add
1737835596734646100,add
1737835596743623200,add
1737835596897717600,add
1737835596908689200,add
1737835608705988700,add
1737835609169183600,remove
1737835609567790300,add
1737835609714455400,add
1737835609853085400,add
1737835612119669400,replace
1737835612731599400,add
1737835615319077100,add
1737835615395017200,add
1737835615751622000,add
1737835616657635200,add
1737835616824448300,add
1737835616949266800,add
1737835617248120600,add
1737835617453582500,add
1737835617550347500,add
1737835618330322500,add
1737835618435567100,add
1737835618500393400,add
1737835618643012300,add
1737835618788365900,add
1737835619174141900,replace
1737835619230178100,add
1737835623981628600,add
1737835624073889200,add
1737835624289313000,add
1737835625417048300,add
1737835626169257900,add
1737835626263007000,add
1737835628716407800,add
1737835632138382800,add
1737835633457334700,add
1737835633568826000,add
1737835634091942100,add
1737835642432612500,add
1737835642584834400,add
1737835644935287800,add
1737835645606246000,remove
1737835647040496400,add
1737835647441925100,add
1737835647972509600,add
1737835647987470200,remove
1737835649710466000,add
1737835649720439000,add
1737835765718538100,add
1737835765730506600,add
1737835767026856400,add
1737835767140424900,add
1737835767496441400,add
1737835768023802600,add
1737835768231524100,add
1737835768358964800,add
1737835768906715900,add
1737835771479531200,add
1737835771590059400,add
1737835773723345400,replace
1737835773776877000,add
1737836229132057000,add
1737836229145022200,add
1737836229157988900,remove
1737836229165966300,remove
1737836229174943000,add
1737836229181933700,add
1737836229989099400,add
1737836230207013100,add
1737836230356917200,add
1737836230504397000,add
1737836230666077600,add
1737836230904902700,add
1737836231017209700,add
1737836231166642500,add
1737836232893292700,add
1737836233126528800,add
1737836233325364000,add
1737836234404621600,replace
1737836234988080300,add
1737836235674531200,add
1737836236538777400,add
1737836236598165600,add
1737836236722116500,add
1737836238082305600,add
1737836238170071200,add
1737836238272097100,add
1737836239594997300,add
1737836239817106700,add
1737836239956074200,add
1737836240041880300,add
1737836240261469500,add
1737836240727144600,add
1737836274931365000,add
1737836274947333900,add
1737836275129343700,add
1737836275143307800,add
1737836276141147300,add
1737836276415413700,add
1737836276592939100,add
1737836276705168100,add
1737836276867243900,add
1737836276994001300,add
1737836277162936400,add
1737836280943031200,add
1737836281116079900,add
1737836281832811800,add
1737836281870682600,add
1737836282043412000,add
1737836282080312400,add
1737836282507877000,add
1737836282685601000,add
1737836282883047500,add
1737836282981783600,add
1737836283215128800,add
1737836283523460200,add
1737836283583299700,add
1737836283658100500,add
1737836283825163900,add
1737836292676048300,add
1737836292962790600,add
1737836293158639500,add
1737836293365463100,add
1737836293721023900,replace
1737836295177539300,add
1737836296184105100,add
1737836296946150500,add
1737836297100964500,add
1737836297539338500,add
1737836302354579000,replace
1737836314453868100,remove
1737836314691772400,remove
1737836326650244200,add
1737836326661205300,add
1737836326682494500,remove
1737836326690485200,remove
1737836326697472700,add
1737836326705432000,add
1737836327477059400,add
1737836327637613400,add
1737836327923918900,add
1737836327996437900,add
1737836328150579500,add
1737836328319687600,add
1737836328410707800,add
1737836328544401800,add
1737836329449074900,add
1737836329536903200,add
1737836329599008400,add
1737836330830054700,replace
1737836332139883100,add
1737836333333115100,add
1737836333655014400,add
1737836333787939600,add
1737836333922577400,add
1737836334052063400,add
1737836334136244100,add
1737836334430583900,add
1737836371685933500,remove
1737836371709868900,add
1737836371718845300,remove
1737836372142457400,add
1737836373910442500,remove
1737836412977877700,add
1737836413322321800,add
1737836413432468600,add
1737836413569103200,add
1737836413992093300,add
1737836414553041900,add
1737836415331930100,add
1737836415393765500,add
1737836415507985800,add
1737836415956794700,replace
1737836432937908800,add
1737836432947882200,add
1737836432955861200,add
1737836432962842700,add
1737836432971818700,add
1737836436454048000,add
1737836436462026700,add
1737836439937753000,add
1737836441325307100,remove
1737836563205277300,add
1737836563218242300,add
1737836564021534400,add
1737836564153230400,add
1737836564369248500,add
1737836564453071500,add
1737836565112894600,replace
1737836565279956800,add
1737836565508036900,add
1737836565642357800,add
1737836566390928400,replace
1737836566438126700,add
1737836567641148900,add
1737836567667513500,remove
1737836567676006300,add
1737836567682989400,add
1737836568800576100,add
1737836569039082000,add
1737836569130157500,add
1737836569258976200,add
1737836569561312200,add
1737836569831841200,add
1737836569907811000,add
1737836643183976300,add
1737836650261751900,remove
1737836650321983700,remove
1737836650329963000,remove
1737836650337941900,remove
1737836650345920300,remove
1737836650354896400,remove
1737836650362883500,remove
1737836650370852900,remove
1737836650379484800,remove
1737836650387464100,remove
1737836650394949800,add
1737836650404923000,remove
1737836650427862300,remove
1737836650435840000,replace
1737836650459846600,remove
1737836650467825100,remove
1737836650474809100,remove
1737836650491276000,replace
1737836650504241900,remove
1737836650512742000,remove
1737836650521217800,remove
1737836650530192800,remove
1737836650553131800,remove
1737836650561110800,remove
1737836650588039200,remove
1737836650596017700,remove
1737836650621870000,remove
1737836650629848100,remove
1737836650637827000,remove
1737836650644808100,remove
1737836650653785000,remove
1737836650696870000,replace
1737836650726853300,remove
1737836650734832400,remove
1737836650742810900,remove
1737836650751786000,remove
1737836650770861100,remove
1737836650789863500,remove
1737836650797842100,remove
1737836650811316100,remove
1737836650829268600,remove
1737836652242441900,add
1737836652251927800,add
1737836652260896700,add
1737836652268875700,add
1737836652284832700,add
1737836652304779900,add
1737836652313756400,add
1737836652324240000,add
1737836652332218100,add
1737836652352164600,replace
1737836652412004500,add
1737836652419983700,add
1737836652427963000,add
1737836652436937900,add
1737836652444917300,add
1737836652475834100,add
1737836652483813100,add
1737836652539240300,add
1737836652547218200,add
1737836652583378900,add
1737836652591357600,add
1737836652600333500,add
1737836652607314200,add
1737836652626264700,replace
1737836652647208700,add
1737836652656184400,add
1737836652665160200,add
1737836652680120500,replace
1737836652689096300,add
1737836652710039700,add
1737836652718018300,remove
1737836652727992200,add
1737836652734973100,add
1737836652742951500,add
1737836652750930600,add
1737836652757912100,add
1737836652765890800,add
1737836652773869600,add
1737836652805890700,add
1737836652812875400,add
1737836652830826400,add
1737836655770908400,remove
1737836926189607600,remove
1737836926198583200,add
1737836926348720900,add
1737836926518776400,add
1737836929122627100,replace
1737837284991853200,add
1737837285003834200,add
1737837306985587100,remove
1737837306995560000,add
1737837307606284900,add
1737837307683232800,add
1737837309876409800,add
1737837309967902800,add
1737837310089956500,add
1737837310255218400,add
1737837310635378200,add
1737837310878848500,add
1737837311022265500,add
1737837311315238300,add
1737837311768903200,add
1737837312151357400,add
1737837312311962100,add
1737837312354132500,add
1737837315440394700,add
1737837315568085400,add
1737837315741458900,add
1737837317876363400,add
1737837345597530100,remove
1737837345607502400,add
1737837345819392600,add
1737837345985304400,add
1737837346630346200,add
1737837346769463700,add
1737837346888457200,add
1737837347001427200,add
1737837347126639600,add
1737837347540355600,add
1737837347733356900,add
1737837347891364100,add
1737837347929358500,add
1737837348121467200,add
1737837377973524400,add
1737837379338245700,remove
1737837379347220200,add
1737837379575372400,add
1737837379676939400,add
1737837379897447300,add
1737837396020753400,remove
1737837396030194000,add
1737837396714332700,add
1737837396810122600,add
1737837398098242100,remove
1737837398108215400,remove
1737837398117190800,remove
1737837398127165100,add
1737837400999581400,remove
1737837401010552200,add
1737837401249386300,add
1737837401369066500,add
1737837402168246800,add
1737837409801212400,remove
1737837409811185300,add
1737837410239242800,add
1737837410322161900,add
1737837410839739500,add
1737837427354620100,remove
1737837427363596400,add
1737837427593010300,add
1737837427749913600,add
1737837427878033000,add
1737837428201154600,replace
1737837433613026200,add
1737837433623998100,add
1737837433799149500,add
1737837433810140200,add
1737837440148235200,add
1737837442051801800,add
1737837443186196600,add
1737837443331332900,add
1737837443547407800,add
1737837443641157300,add
1737837445018471100,add
1737837463507116600,remove
1737837463517089700,add
1737837463633923600,add
1737837463842013300,add
1737837464619797300,replace
1737837464657696100,add
1737837468814064700,add
1737837468956449200,add
1737837469063165000,add
1737837469155936700,add
1737837470110205700,add
1737837472638269900,add
1737837473795575500,add
1737837473996059300,add
1737837475183569500,add
1737837475355995800,add
1737837475480661800,add
1737837476666232400,add
1737837477650829900,add
1737837477745798300,add
1737837484687204900,add
1737837497172630000,add
1737837497183600100,add
1737837497335352700,add
1737837497382735700,add
1737837498846329800,remove
1737837498855306300,remove
1737837499431240200,remove
1737837499440216400,remove
1737837501157235500,add
1737837501169218000,add
1737837501306994700,add
1737837501320957700,add
1737837501912214500,add
1737837502081894500,add
1737837502114805700,add
1737837502347581000,add
1737837502571248300,add
1737837503037923400,remove
1737837503210773500,remove
1737837503375438300,remove
1737837503469980200,add
1737837503674906500,add
1737837504811301300,replace
1737837504958421200,replace
1737837504969392200,remove
1737837505568225100,remove
1737837512786041800,add
1737837513112737700,add
1737837513183729600,add
1737837513710560500,add
1737837514141629000,add
1737837514280535300,add
1737837515010208500,replace
1737837515054091100,add
1737837518773391000,add
1737837518939946400,add
1737837518959401700,add
1737837519509726700,remove
1737837521218195900,replace
1737837521916594300,add
1737837523719944600,add
1737837528192711400,add
1737837528957181500,add
1737837529107005400,add
1737837529947803100,add
1737837530117418500,add
1737837530742742300,add
1737837542505413900,add
1737837542510401800,add
1737837542657198400,add
1737837542661187900,add
1737837544265589000,add
1737837544444343400,add
1737837544737386200,add
1737837545121199100,remove
1737837545659142600,add
1737837545765070600,add
1737837546105644800,add
1737837546242151800,add
1737837546517153700,add
1737837547476143300,replace
1737837547639727700,replace
1737837547641723800,remove
1737837548571131100,remove
1737837552092163100,add
1737837552243757300,add
1737837552352465200,add
1737837552656016200,add
1737837552711375200,add
1737837553727132700,replace
1737837553782577400,add
1737837554497589000,add
1737837554650180600,add
1737837554994169800,add
1737837612929108300,add
1737837612941052700,add
1737837613090165500,add
1737837613107119900,add
1737837614111306600,add
1737837614238965100,add
1737837614346677600,add
1737837614919828500,replace
1737837615031738500,remove
1737837615071143000,replace
1737837619082563000,remove
1737837620285021100,replace
1737837622572281800,remove
1737837622747470600,remove
1737837622769773200,add
1737837622778249100,remove
1737837693208014400,remove
1737837693219981900,add
1737837693272840500,add
1737837693402842200,add
1737837699452634100,remove
1737837705051269700,remove
1737837705573943200,remove
1737837705593890200,remove
1737837705624807300,remove
1737837705654727700,remove
1737837705806322500,remove
1737837705967052400,remove
1737837706137106400,remove
1737837706999015900,add
1737837707053182800,add
1737837707168299100,add
1737837709897749000,add
1737837709966158900,add
1737837710050556500,add
1737837946207834800,remove
1737837946218350600,add
1737837946290160300,add
1737837946412831200,add
1737837947364554000,add
1737837947399448000,add
1737837947430968000,add
1737837948149952700,add
1737837948275069600,add
1737837955782705200,add
1737837955904797500,add
1737837956176729900,add
1737837956343758800,add
1737837957351819300,remove
1737837957359791900,remove
1737837957367774600,remove
1737837957376740600,remove
1737837957384082700,remove
1737837957392062000,remove
1737837957401050500,remove
1737837957410013000,remove
1737837957418989400,remove
1737837957427965300,remove
1737837957436941900,remove
1737837957445917500,remove
1737837957454892800,add
1737837962053351100,remove
1737838049688533800,add
1737838051464767200,remove
1737838116579846900,add
1737838118762716600,add
1737838118773688000,add
1737838119784069500,add
1737838120531093500,add
1737838120651747300,add
1737838121263980500,add
1737838122915713200,add
1737838123079822000,add
1737838123154622900,add
1737838123941875900,remove
1737838124129783700,remove
1737838124738751100,add
1737838124877380500,add
1737838125315588600,add
1737838125382455200,add
1737838125459249700,add
1737838129322583300,add
1737838134703769500,add
1737838134755630400,add
1737838134896554200,add
1737838136140772300,add
1737838136206692300,add
1737838136302703700,add
1737838136610711100,add
1737838136748532600,add
1737838136969484000,add
1737838137228625900,add
1737838137928731300,replace
1737838137982587400,add
1737838139798590800,add
1737838155520970300,remove
1737838155764915100,remove
1737838155774889500,replace
1737838156011257600,remove
1737838156036700400,remove
1737838156048667700,remove
1737838156056645400,remove
1737838156065622600,remove
1737838156073601700,remove
1737838156081580000,remove
1737838156089558500,remove
1737838156097536700,remove
1737838156106513500,remove
1737838156114492100,remove
1737838156256657300,remove
1737838156267627800,remove
1737838156276604100,remove
1737838156285580300,remove
1737838156294556000,remove
1737838156555399500,add
1737838156565373200,add
1737838156862089800,remove
1737838156874058000,remove
1737838156882036400,remove
1737838157097485500,remove
1737838157294957400,remove
1737838157312909000,remove
1737838157338839600,remove
1737838157608019000,remove
1737838157617992300,remove
1737838158710539600,remove
1737838506495636900,add
1737838507292428900,add
1737838507407918500,add
1737838507441828000,add
1737838507933590600,remove
1737838510316084700,add
1737838510690624800,add
1737838515585187900,add
1737838519647537900,remove
1737838519838316700,remove
1737838519993403700,remove
1737838520144752300,remove
1737838520315940300,remove
1737838520481252600,remove
1737838520861829500,remove
1737838522217160600,add
1737838522381910400,add
1737838523119402300,remove
1737838523308829300,remove
1737838523745070800,add
1737838524254257200,add
1737838524512449000,add
1737838524605201200,add
1737838525053382100,remove
1737838525243853200,remove
1737838525416400800,remove
1737838525581575800,remove
1737838526310521300,add
1737838526363472600,add
1737838526544267500,add
1737838527767586000,remove
1737838527964112300,remove
1737838528272322900,remove
1737838533534130800,add
1737838534409557500,add
1737838535943936100,add
1737838536985668200,add
1737838537078897900,add
1737838537192593800,add
1737838537504913400,remove
1737838537679725600,remove
1737838537842597900,remove
1737838537999448800,remove
1737838538222401700,add
1737838539000330600,add
1737838539220311000,add
1737838539604983400,remove
1737838539787708800,remove
1737838539940345500,remove
1737838540310368800,remove
1737838540436617100,remove
1737838540585958600,remove
1737838540761889300,remove
1737838541043415600,remove
1737838541878442100,add
1737838541968892000,add
1737838542082587600,add
1737838542175274900,add
1737838542998426300,remove
1737838543160803500,remove
1737838543318668000,remove
1737838543474566000,remove
1737838546918873100,add
1737838546959763500,add
1737838547083179200,add
1737838547697637100,remove
1737838547856056600,remove
1737838548021332000,remove
1737838585171364300,add
1737838585284062100,add
1737838585399752700,add
1737838587677751400,add
1737838595277863000,remove
1737838595662282200,remove
1737838595671241300,remove
1737838595682213200,remove
1737838619523313100,replace
1737838621232907400,remove
1737838621242934500,add
1737838621561238900,add
1737838621671792900,add
1737838622040680400,add
1737838631721920600,remove
1737838631731894100,add
1737838631742876000,remove
1737838631750994300,add
1737838634334651800,replace
1737838640969827400,remove
1737838640979800700,add
1737838642499753200,remove
1737838642508490300,add
1737838644646312400,replace
1737838649429114000,replace
1737838649450058600,replace
1737838649460031700,remove
1737838649485367600,add
1737838649495340500,add
1737838651167223900,remove
1737838651465940300,add
1737838686205261800,remove
1737838686218214500,remove
1737838689796293600,remove
1737838689814307200,remove
1737838689823283100,remove
1737838689832258700,remove
1737838689841235100,remove
1737838695531772000,add
1737838695575687700,add
1737838698292862000,add
1737838698329990800,remove
1737838698339964800,add
1737838698351932100,add
1737838699643045500,replace
1737838699718842800,add
1737838699892678900,add
1737838700391165100,replace
1737838700887743900,add
1737838701919235300,add
1737838702858314200,add
1737838703766898500,add
1737838703891077600,add
1737838740324256200,add
1737838740525717500,add
1737838740665342900,add
1737838740759145900,add
1737838741452748300,add
1737838770221203900,add
1737838770294959400,add
1737838772904330500,add
1737838772933253800,add
1737838773687346100,add
1737838773843916900,add
1737838774224158500,add
1737838775137266800,add
1737838801510291700,add
1737838801522259700,add
1737838820902182200,add
1737838821050451400,add
1737838821199053700,add
1737838821291078500,add
1737838823459989400,add
1737838827140128600,add
1737838827268992400,add
1737838827354275400,add
1737838829524173200,add
1737838829624829200,add
1737838829778494600,add
1737838829850338200,add
1737838830443417300,replace
1737838832429498800,add
1737838841706277000,add
1737838844994304400,remove
1737838880459972500,add
1737838892516945500,add
1737838892602146200,add
1737838893635471500,add
1737838894759657300,add
1737838894859407500,add
1737838895148436700,add
1737839005308953900,add
1737839005321920800,add
1737839005491467100,add
1737839005504431900,add
1737839024024782100,add
1737839024183865800,add
1737839024315615600,add
1737839024472763500,add
1737839025046879700,add
1737839025401475600,add
1737839025502748300,add
1737839025655342600,add
1737839026352272000,add
1737839026505351400,add
1737839026692358100,add
1737839026828031200,add
1737839026932750200,add
1737839027287960500,add
1737839027418909400,add
1737839027482250600,add
1737839027663784100,add
1737839027770498700,add
1737839027901149000,add
1737839028292203400,add
1737839030436363500,add
1737839037657458700,add
1737839037670426300,add
1737839037818724500,add
1737839037838670500,add
1737839038145242000,add
1737839038281445200,add
1737839039746683400,add
1737839039773611400,add
1737839040799026400,add
1737839040936571500,add
1737839041726190800,add
1737839043403460900,add
1737839043427396200,remove
1737839043436373000,add
1737839043445560800,remove
1737839053643353900,replace
1737839054435081900,add
1737839054598427700,add
1737839108310978800,replace
1737839122097874500,remove
1737839122109841600,add
1737839122185086200,add
1737839122323228000,add
1737839122428945400,add
1737839122978132100,replace
1737839225334867000,add
1737839225346836100,add
1737839226051421400,add
1737839226224978100,add
1737839226382069600,add
1737839226983337700,replace
1737839230699777000,add
1737839230895805800,add
1737839231736317500,add
1737839231766237000,add
1737839231859770100,add
1737839232080627700,add
1737839233664485700,add
1737839235353947100,remove
1737839235853803400,remove
1737839235899948800,remove
1737839235931875700,remove
1737839235963014900,remove
1737839235993966000,remove
1737839236025943200,remove
1737839236055862100,remove
1737839236087060500,remove
1737839236291589600,remove
1737839236475369800,remove
1737839236656595100,remove
1737839236839879400,remove
1737839237006049600,remove
1737839237188425300,remove
1737839237517026700,remove
1737839239858348300,add
1737839239995772600,add
1737839240104037500,add
1737839240216804700,add
1737839241528097100,add
1737839241674087100,add
1737839242250126500,remove
1737839242428184500,remove
1737839242578503400,remove
1737839242734794800,remove
1737839242890276200,remove
1737839243056895600,remove
1737839243685326200,add
1737839243958887600,add
1737839244069622500,add
1737839244313788200,add
1737839244403755500,add
1737839245711039000,add
1737839246290605200,add
1737839246776405800,add
1737839246940508100,add
1737839247447012500,add
1737839257035807800,replace
1737839516900689100,remove
1737839516911660500,add
1737839517078725100,add
1737839517248291500,add
1737839519404331100,replace
1737839564574744000,remove
1737839564585791100,add
1737839564750566400,add
1737839565335482400,add
1737839598091588500,replace
1737840138105429600,add
1737840138119393800,add
1737840138255030900,add
1737840138277969000,add
1737840138865862500,add
1737840139128347000,add
1737840139197183400,add
1737840139301291400,add
1737840139816489000,replace
1737840139935582600,replace
1737840139985449500,remove
1737840140846084100,remove
1737840178291664700,add
1737840178420323800,add
1737840178719278400,add
1737840178783546100,add
1737840179022616800,replace
1737840179324749200,add
1737840179611510600,add
1737840179724226700,add
1737840180252294900,replace
1737840180298171700,add
1737840186609052700,add
1737840186836274700,add
1737840187007816200,add
1737840187139483000,add
1737840187425717300,add
1737840187522459300,add
1737840187996107300,add
1737840189505101800,add
1737840192237838600,add
1737840192379645700,add
1737840193255119500,replace
1737840251298941200,add
1737840251310909000,add
1737840252337271900,add
1737840262389302800,remove
1737840262402267700,add
1737840262412242300,remove
1737840337793325300,remove
1737840339941166000,remove
1737840339951130600,add
1737840340046513800,add
1737840340885919800,remove
1737840340916837200,replace
1737840340929802500,remove
1737840340941280800,add
1737840340952251600,add
1737840343237539300,replace
1737840357683647500,add
1737840360951746200,add
1737840362145839200,add
1737840362289005800,add
1737840363579572800,add
1737840363751716000,add
1737840363954244100,add
1737840364855034000,replace
1737840365585258500,add
1737840365887454300,add
1737840366472151300,add
1737840383804157600,replace
1737840385076961400,add
1737840385219117000,add
1737840385274968000,add
1737840394134535800,add
1737840399157810400,add
1737840399755022900,add
1737840399833893000,add
1737840400458608400,add
1737840432198908200,replace
1737840434035125400,remove
1737840434197223900,remove
1737840434237117000,add
1737840434248087400,add
1737840434258060900,remove
1737840615486597300,remove
1737840615624889500,remove
1737840615862111800,add
1737840616575807200,add
1737840616640816100,add
1737840616741215200,add
1737840618281840900,remove
1737840618467809800,remove
1737840618645381000,remove
1737840618803682900,remove
1737840619181788600,add
1737840619370896700,add
1737840619548996200,add
1737840692443753600,remove
1737840693063357100,remove
1737840693073748000,remove
1737840693509800800,add
1737840693518776300,add
1737840693528375600,add
1737840693537356500,add
1737840694129388700,remove
1737840694139360800,remove
1737840694149342900,remove
1737840694158310000,remove
1737840694546689200,add
1737840694556662100,add
1737840761155591200,add
1737840761168559300,add
1737840771290692000,add
1737840771397359400,add
1737840771807713300,add
1737840771971143000,add
1737840772097120700,add
1737840772568904600,add
1737840773652608300,add
1737840773762671800,add
1737840775002058700,add
1737840775179644100,add
1737840775291203000,add
1737840811823218000,replace
1737840811891600400,add
1737840811901573200,add
1737840855814652900,add
1737840856041046500,add
1737840856147760500,add
1737840857644931700,add
1737840857742787200,add
1737840858498749900,remove
1737840858640235400,remove
1737840858799990700,remove
1737840858958896300,remove
1737840859365851200,remove
1737840859906565600,add
1737840859977646100,add
1737840860071396500,add
1737840860166142800,add
1737840860392472500,add
1737840860607592200,add
1737840861435646600,replace
1737840861472547400,add
1737840862968271400,add
1737840864346773000,add
1737840864602189000,add
1737840866463354300,add
1737840866475320800,remove
1737840881501493400,remove
1737840946274718300,remove
1737840947197849700,add
1737840947719394800,add
1737840947900843500,add
1737840947983858300,add
1737840948785360200,replace
1737840948828238800,add
1737840960574180700,add
1737840960765471400,add
1737840960984219900,add
1737840961052560600,add
1737840961105747100,add
1737840961590274500,replace
1737840961632162300,add
1737840962725506200,add
1737840967834612600,add
1737840968892232300,add
1737840969184940100,add
1737840969274562500,add
1737840970208361500,add
1737840970738980200,add
1737840970814997300,add
1737840971118083800,add
1737840973124572900,remove
1737840973260315900,remove
1737840973416707500,remove
1737840973637815900,remove
1737840973769627200,add
1737840974008008700,add
1737841043229278000,add
1737841043341279300,add
1737841043431039500,add
1737841043553993600,add
1737841043769276300,add
1737841044509193400,replace
1737841044554074400,add
1737841045717699500,add
1737841045871816000,add
1737841045980947100,add
1737841046360831000,add
1737841046731522200,add
1737841047153650100,add
1737841047795087700,remove
1737841047954284500,remove
1737841048097095700,remove
1737841048253406500,remove
1737841048404408800,remove
1737841048793546200,remove
1737841049792453000,add
1737841049832889700,add
1737841049950446500,add
1737841050426179000,add
1737841050561628300,add
1737841051505141800,replace
1737841076785470800,remove
1737841076797040000,add
1737841076977618000,add
1737841077081849800,add
1737841077368465600,add
1737841077477010800,add
1737841078002198600,replace
